d:\dropbox\kurslar\havelsan-c++-2018\src\sample\debug\vc141.pdb
d:\dropbox\kurslar\havelsan-c++-2018\src\sample\debug\vc141.ıdb
d:\dropbox\kurslar\havelsan-c++-2018\src\sample\debug\sample.obj
d:\dropbox\kurslar\havelsan-c++-2018\src\sample\debug\fıle.obj
d:\dropbox\kurslar\havelsan-c++-2018\src\sample\debug\date.obj
d:\dropbox\kurslar\havelsan-c++-2018\src\sample\debug\cırcle.obj
d:\dropbox\kurslar\havelsan-c++-2018\src\sample\debug\employee.obj
d:\dropbox\kurslar\havelsan-c++-2018\src\sample\debug\worker.obj
d:\dropbox\kurslar\havelsan-c++-2018\src\sample\debug\maın.obj
d:\dropbox\kurslar\havelsan-c++-2018\src\sample\debug\ratıonal.obj
d:\dropbox\kurslar\havelsan-c++-2018\src\sample\debug\complex.obj
d:\dropbox\kurslar\havelsan-c++-2018\src\sample\debug\sample.exe
d:\dropbox\kurslar\havelsan-c++-2018\src\sample\debug\sample.ılk
d:\dropbox\kurslar\havelsan-c++-2018\src\sample\debug\sample.pdb
d:\dropbox\kurslar\havelsan-c++-2018\src\sample\debug\circle.obj
d:\dropbox\kurslar\havelsan-c++-2018\src\sample\debug\file.obj
d:\dropbox\kurslar\havelsan-c++-2018\src\sample\debug\main.obj
d:\dropbox\kurslar\havelsan-c++-2018\src\sample\debug\rational.obj
d:\dropbox\kurslar\havelsan-c++-2018\src\sample\debug\sample.ilk
d:\dropbox\kurslar\havelsan-c++-2018\src\sample\debug\vc141.idb
d:\dropbox\kurslar\havelsan-c++-2018\src\sample\debug\sample.tlog\cl.command.1.tlog
d:\dropbox\kurslar\havelsan-c++-2018\src\sample\debug\sample.tlog\cl.read.1.tlog
d:\dropbox\kurslar\havelsan-c++-2018\src\sample\debug\sample.tlog\cl.write.1.tlog
d:\dropbox\kurslar\havelsan-c++-2018\src\sample\debug\sample.tlog\link.command.1.tlog
d:\dropbox\kurslar\havelsan-c++-2018\src\sample\debug\sample.tlog\link.read.1.tlog
d:\dropbox\kurslar\havelsan-c++-2018\src\sample\debug\sample.tlog\link.write.1.tlog
